<?xml version="1.0" encoding="UTF-8"?>
<testng-results skipped="0" failed="0" ignored="0" total="1" passed="1">
  <reporter-output>
  </reporter-output>
  <suite name="Default suite" duration-ms="43674" started-at="2019-11-07T02:03:08 IST" finished-at="2019-11-07T02:03:51 IST">
    <groups>
    </groups>
    <test name="Default test" duration-ms="43674" started-at="2019-11-07T02:03:08 IST" finished-at="2019-11-07T02:03:51 IST">
      <class name="com.training.sanity.tests.Assesment_ELTC_033_Tests">
        <test-method status="PASS" signature="setUpBeforeClass()[pri:0, instance:com.training.sanity.tests.Assesment_ELTC_033_Tests@5a8806ef]" name="setUpBeforeClass" is-config="true" duration-ms="19" started-at="2019-11-07T02:03:08 IST" finished-at="2019-11-07T02:03:08 IST">
          <reporter-output>
          </reporter-output>
        </test-method> <!-- setUpBeforeClass -->
        <test-method status="PASS" signature="setUp()[pri:0, instance:com.training.sanity.tests.Assesment_ELTC_033_Tests@5a8806ef]" name="setUp" is-config="true" duration-ms="16978" started-at="2019-11-07T02:03:08 IST" finished-at="2019-11-07T02:03:25 IST">
          <reporter-output>
          </reporter-output>
        </test-method> <!-- setUp -->
        <test-method status="PASS" signature="validAssesmentTest()[pri:0, instance:com.training.sanity.tests.Assesment_ELTC_033_Tests@5a8806ef]" name="validAssesmentTest" duration-ms="24843" started-at="2019-11-07T02:03:25 IST" finished-at="2019-11-07T02:03:50 IST">
          <reporter-output>
          </reporter-output>
        </test-method> <!-- validAssesmentTest -->
        <test-method status="PASS" signature="tearDown()[pri:0, instance:com.training.sanity.tests.Assesment_ELTC_033_Tests@5a8806ef]" name="tearDown" is-config="true" duration-ms="1794" started-at="2019-11-07T02:03:50 IST" finished-at="2019-11-07T02:03:51 IST">
          <reporter-output>
          </reporter-output>
        </test-method> <!-- tearDown -->
      </class> <!-- com.training.sanity.tests.Assesment_ELTC_033_Tests -->
    </test> <!-- Default test -->
  </suite> <!-- Default suite -->
</testng-results>
