<?xml version="1.0" encoding="UTF-8"?>
<testng-results skipped="0" failed="0" ignored="0" total="1" passed="1">
  <reporter-output>
  </reporter-output>
  <suite name="Default suite" duration-ms="137743" started-at="2019-11-12T16:37:45 IST" finished-at="2019-11-12T16:40:03 IST">
    <groups>
    </groups>
    <test name="Default test" duration-ms="137743" started-at="2019-11-12T16:37:45 IST" finished-at="2019-11-12T16:40:03 IST">
      <class name="com.training.sanity.tests.SignupPage_ValidateError">
        <test-method status="PASS" signature="setUpBeforeClass()[pri:0, instance:com.training.sanity.tests.SignupPage_ValidateError@5a8806ef]" name="setUpBeforeClass" is-config="true" duration-ms="16" started-at="2019-11-12T16:37:45 IST" finished-at="2019-11-12T16:37:45 IST">
          <reporter-output>
          </reporter-output>
        </test-method> <!-- setUpBeforeClass -->
        <test-method status="PASS" signature="setUp()[pri:0, instance:com.training.sanity.tests.SignupPage_ValidateError@5a8806ef]" name="setUp" is-config="true" duration-ms="94241" started-at="2019-11-12T16:37:45 IST" finished-at="2019-11-12T16:39:19 IST">
          <reporter-output>
          </reporter-output>
        </test-method> <!-- setUp -->
        <test-method status="PASS" signature="validSignUpStudentTest()[pri:0, instance:com.training.sanity.tests.SignupPage_ValidateError@5a8806ef]" name="validSignUpStudentTest" duration-ms="41551" started-at="2019-11-12T16:39:19 IST" finished-at="2019-11-12T16:40:01 IST">
          <reporter-output>
          </reporter-output>
        </test-method> <!-- validSignUpStudentTest -->
        <test-method status="PASS" signature="tearDown()[pri:0, instance:com.training.sanity.tests.SignupPage_ValidateError@5a8806ef]" name="tearDown" is-config="true" duration-ms="1885" started-at="2019-11-12T16:40:01 IST" finished-at="2019-11-12T16:40:03 IST">
          <reporter-output>
          </reporter-output>
        </test-method> <!-- tearDown -->
      </class> <!-- com.training.sanity.tests.SignupPage_ValidateError -->
    </test> <!-- Default test -->
  </suite> <!-- Default suite -->
</testng-results>
